-------------------------------------------------------------------------------
Test set: TestSuite
-------------------------------------------------------------------------------
Tests run: 4, Failures: 1, Errors: 0, Skipped: 0, Time elapsed: 163.082 sec <<< FAILURE!
testPetTypes(com.test.uitests.SeleniumUITests)  Time elapsed: 10.924 sec  <<< FAILURE!
java.lang.AssertionError: Page not found error occured
	at org.testng.Assert.fail(Assert.java:89)
	at com.test.uitests.SeleniumUITests.testPetTypes(SeleniumUITests.java:95)

