<?xml version="1.0" encoding="UTF-8"?>
<!-- Generated by org.testng.reporters.JUnitXMLReporter -->
<testsuite hostname="shree-PC" name="Test" tests="4" failures="1" timestamp="29 Jun 2017 07:37:29 GMT" time="161.754" errors="0">
  <testcase name="testAddOwner" time="110.064" classname="com.test.uitests.SeleniumUITests"/>
  <testcase name="testPetTypes" time="10.893" classname="com.test.uitests.SeleniumUITests">
    <failure type="java.lang.AssertionError" message="Page not found error occured">
      <![CDATA[java.lang.AssertionError: Page not found error occured
	at com.test.uitests.SeleniumUITests.testPetTypes(SeleniumUITests.java:95)
	at org.apache.maven.surefire.testng.TestNGExecutor.run(TestNGExecutor.java:178)
	at org.apache.maven.surefire.testng.TestNGXmlTestSuite.execute(TestNGXmlTestSuite.java:92)
	at org.apache.maven.surefire.testng.TestNGProvider.invoke(TestNGProvider.java:96)
	at org.apache.maven.surefire.util.ReflectionUtils.invokeMethodWithArray2(ReflectionUtils.java:208)
	at org.apache.maven.surefire.booter.ProviderFactory$ProviderProxy.invoke(ProviderFactory.java:159)
	at org.apache.maven.surefire.booter.ProviderFactory.invokeProvider(ProviderFactory.java:87)
	at org.apache.maven.surefire.booter.ForkedBooter.runSuitesInProcess(ForkedBooter.java:153)
	at org.apache.maven.surefire.booter.ForkedBooter.main(ForkedBooter.java:95)
... Removed 26 stack frames]]>
    </failure>
  </testcase>
  <testcase name="testSpecialities" time="15.645" classname="com.test.uitests.SeleniumUITests"/>
  <testcase name="testVeterinarians" time="15.048" classname="com.test.uitests.SeleniumUITests"/>
</testsuite>
